<?xml version="1.0" encoding="UTF-8"?>
<!-- Generated by org.testng.reporters.JUnitReportReporter -->
<testsuite hostname="PDKBLT5N5070X" failures="0" tests="1" name="com.equifax.www.APIDeletevalidation" time="2.588" errors="0" timestamp="18 Apr 2021 06:33:03 GMT" skipped="0">
  <testcase classname="com.equifax.www.APIDeletevalidation" name="testgetMethod" time="2.588"/>
</testsuite> <!-- com.equifax.www.APIDeletevalidation -->
