<?xml version="1.0" encoding="UTF-8"?>
<!-- Generated by org.testng.reporters.JUnitReportReporter -->
<testsuite hostname="PDKBLT5N5070X" failures="0" tests="1" name="com.equifax.www.TestAmazon" time="16.968" errors="0" timestamp="23 Apr 2021 15:55:22 GMT" skipped="0">
  <testcase classname="com.equifax.www.TestAmazon" name="amazonTest" time="16.968"/>
</testsuite> <!-- com.equifax.www.TestAmazon -->
